{"/Users/leigh/Documents/mahp/src/index.js":{"path":"/Users/leigh/Documents/mahp/src/index.js","s":{"1":1,"2":1,"3":4,"4":4,"5":4,"6":4,"7":22,"8":22,"9":22,"10":22,"11":22,"12":22,"13":22,"14":1,"15":1,"16":1,"17":1,"18":1,"19":1,"20":7,"21":1,"22":6,"23":1,"24":5,"25":1,"26":1,"27":5,"28":1,"29":1,"30":28,"31":4,"32":4,"33":24,"34":1,"35":1,"36":7,"37":1,"38":6,"39":1,"40":8,"41":8,"42":5,"43":3,"44":1,"45":5},"b":{"1":[1,6],"2":[1,5],"3":[1,4],"4":[1,4],"5":[4,24],"6":[1,6],"7":[4,4],"8":[8,7],"9":[5,3]},"f":{"1":4,"2":22,"3":7,"4":5,"5":28,"6":7,"7":8,"8":5},"fnMap":{"1":{"name":"(anonymous_1)","line":1,"loc":{"start":{"line":1,"column":15},"end":{"line":1,"column":43}}},"2":{"name":"(anonymous_2)","line":5,"loc":{"start":{"line":5,"column":22},"end":{"line":5,"column":32}}},"3":{"name":"verify","line":16,"loc":{"start":{"line":16,"column":7},"end":{"line":16,"column":42}}},"4":{"name":"verifyConfig","line":28,"loc":{"start":{"line":28,"column":7},"end":{"line":28,"column":42}}},"5":{"name":"getConfig","line":34,"loc":{"start":{"line":34,"column":7},"end":{"line":34,"column":39}}},"6":{"name":"whichResources","line":52,"loc":{"start":{"line":52,"column":7},"end":{"line":52,"column":42}}},"7":{"name":"resourceTypes","line":58,"loc":{"start":{"line":58,"column":7},"end":{"line":58,"column":42}}},"8":{"name":"(anonymous_8)","line":66,"loc":{"start":{"line":66,"column":26},"end":{"line":66,"column":37}}}},"statementMap":{"1":{"start":{"line":0,"column":0},"end":{"line":0,"column":0},"skip":true},"2":{"start":{"line":1,"column":15},"end":{"line":null,"column":null}},"3":{"start":{"line":2,"column":8},"end":{"line":null,"column":null}},"4":{"start":{"line":3,"column":7},"end":{"line":null,"column":null}},"5":{"start":{"line":4,"column":7},"end":{"line":null,"column":null}},"6":{"start":{"line":5,"column":8},"end":{"line":null,"column":null}},"7":{"start":{"line":6,"column":27},"end":{"line":null,"column":null}},"8":{"start":{"line":6,"column":9},"end":{"line":null,"column":null}},"9":{"start":{"line":6,"column":17},"end":{"line":null,"column":null}},"10":{"start":{"line":7,"column":8},"end":{"line":null,"column":null}},"11":{"start":{"line":8,"column":8},"end":{"line":null,"column":null}},"12":{"start":{"line":9,"column":8},"end":{"line":null,"column":null}},"13":{"start":{"line":10,"column":9},"end":{"line":null,"column":null}},"14":{"start":{"line":16,"column":16},"end":{"line":null,"column":null}},"15":{"start":{"line":28,"column":16},"end":{"line":null,"column":null}},"16":{"start":{"line":34,"column":16},"end":{"line":null,"column":null}},"17":{"start":{"line":52,"column":16},"end":{"line":null,"column":null}},"18":{"start":{"line":58,"column":16},"end":{"line":null,"column":null}},"19":{"start":{"line":16,"column":7},"end":{"line":null,"column":null}},"20":{"start":{"line":17,"column":4},"end":{"line":null,"column":null}},"21":{"start":{"line":18,"column":8},"end":{"line":null,"column":null}},"22":{"start":{"line":20,"column":4},"end":{"line":null,"column":null}},"23":{"start":{"line":21,"column":8},"end":{"line":null,"column":null}},"24":{"start":{"line":23,"column":4},"end":{"line":null,"column":null}},"25":{"start":{"line":24,"column":8},"end":{"line":null,"column":null}},"26":{"start":{"line":28,"column":7},"end":{"line":null,"column":null}},"27":{"start":{"line":29,"column":4},"end":{"line":null,"column":null}},"28":{"start":{"line":30,"column":8},"end":{"line":null,"column":null}},"29":{"start":{"line":34,"column":7},"end":{"line":null,"column":null}},"30":{"start":{"line":35,"column":4},"end":{"line":null,"column":null}},"31":{"start":{"line":36,"column":15},"end":{"line":null,"column":null}},"32":{"start":{"line":37,"column":9},"end":{"line":null,"column":null}},"33":{"start":{"line":39,"column":8},"end":{"line":null,"column":null}},"34":{"start":{"line":42,"column":7},"end":{"line":null,"column":null}},"35":{"start":{"line":52,"column":7},"end":{"line":null,"column":null}},"36":{"start":{"line":53,"column":4},"end":{"line":null,"column":null}},"37":{"start":{"line":54,"column":2},"end":{"line":null,"column":null}},"38":{"start":{"line":55,"column":8},"end":{"line":null,"column":null}},"39":{"start":{"line":58,"column":7},"end":{"line":null,"column":null}},"40":{"start":{"line":58,"column":30},"end":{"line":null,"column":null}},"41":{"start":{"line":59,"column":4},"end":{"line":null,"column":null}},"42":{"start":{"line":60,"column":9},"end":{"line":null,"column":null}},"43":{"start":{"line":62,"column":8},"end":{"line":null,"column":null}},"44":{"start":{"line":66,"column":0},"end":{"line":null,"column":null}},"45":{"start":{"line":67,"column":10},"end":{"line":null,"column":null}}},"branchMap":{"1":{"line":17,"type":"if","locations":[{"start":{"line":17,"column":4},"end":{"line":17,"column":4}},{"start":{"line":17,"column":4},"end":{"line":17,"column":4}}]},"2":{"line":20,"type":"if","locations":[{"start":{"line":20,"column":4},"end":{"line":20,"column":4}},{"start":{"line":20,"column":4},"end":{"line":20,"column":4}}]},"3":{"line":23,"type":"if","locations":[{"start":{"line":23,"column":4},"end":{"line":23,"column":4}},{"start":{"line":23,"column":4},"end":{"line":23,"column":4}}]},"4":{"line":29,"type":"if","locations":[{"start":{"line":29,"column":4},"end":{"line":29,"column":4}},{"start":{"line":29,"column":4},"end":{"line":29,"column":4}}]},"5":{"line":35,"type":"if","locations":[{"start":{"line":35,"column":4},"end":{"line":35,"column":4}},{"start":{"line":35,"column":4},"end":{"line":35,"column":4}}]},"6":{"line":53,"type":"if","locations":[{"start":{"line":53,"column":4},"end":{"line":53,"column":4}},{"start":{"line":53,"column":4},"end":{"line":53,"column":4}}]},"7":{"line":58,"type":"cond-expr","locations":[{"start":{"line":58,"column":37},"end":{"line":58,"column":42}},{"start":{"line":0,"column":0},"end":{"line":0,"column":0},"skip":true}]},"8":{"line":58,"type":"binary-expr","locations":[{"start":{"line":58,"column":37},"end":{"line":58,"column":37}},{"start":{"line":58,"column":37},"end":{"line":58,"column":37}}]},"9":{"line":59,"type":"if","locations":[{"start":{"line":59,"column":4},"end":{"line":59,"column":4}},{"start":{"line":59,"column":4},"end":{"line":59,"column":4}}]}}}}