TN:
SF:/Users/leigh/Documents/mahp/src/index.js
FN:1,(anonymous_1)
FN:5,(anonymous_2)
FN:16,verify
FN:28,verifyConfig
FN:34,getConfig
FN:52,whichResources
FN:58,resourceTypes
FN:66,(anonymous_8)
FNF:8
FNH:8
FNDA:4,(anonymous_1)
FNDA:22,(anonymous_2)
FNDA:7,verify
FNDA:5,verifyConfig
FNDA:28,getConfig
FNDA:7,whichResources
FNDA:8,resourceTypes
FNDA:5,(anonymous_8)
DA:1,1
DA:2,4
DA:3,4
DA:4,4
DA:5,4
DA:6,22
DA:7,22
DA:8,22
DA:9,22
DA:10,22
DA:16,1
DA:17,7
DA:18,1
DA:20,6
DA:21,1
DA:23,5
DA:24,1
DA:28,1
DA:29,5
DA:30,1
DA:34,1
DA:35,28
DA:36,4
DA:37,4
DA:39,24
DA:42,1
DA:52,1
DA:53,7
DA:54,1
DA:55,6
DA:58,8
DA:59,8
DA:60,5
DA:62,3
DA:66,1
DA:67,5
LF:36
LH:36
BRDA:17,1,0,1
BRDA:17,1,1,6
BRDA:20,2,0,1
BRDA:20,2,1,5
BRDA:23,3,0,1
BRDA:23,3,1,4
BRDA:29,4,0,1
BRDA:29,4,1,4
BRDA:35,5,0,4
BRDA:35,5,1,24
BRDA:53,6,0,1
BRDA:53,6,1,6
BRDA:58,7,0,4
BRDA:58,7,1,4
BRDA:58,8,0,8
BRDA:58,8,1,7
BRDA:59,9,0,5
BRDA:59,9,1,3
BRF:18
BRH:18
end_of_record
